<?xml version="1.0" encoding="UTF-8"?>
<testsuite xmlns:xsi="http://www.w3.org/2001/XMLSchema-instance" xsi:noNamespaceSchemaLocation="https://maven.apache.org/surefire/maven-surefire-plugin/xsd/surefire-test-report-3.0.xsd" version="3.0" name="pl.polsl.testModel.ModelTest" time="1.022" tests="40" errors="0" skipped="0" failures="0">
  <properties>
    <property name="sun.desktop" value="windows"/>
    <property name="awt.toolkit" value="sun.awt.windows.WToolkit"/>
    <property name="java.specification.version" value="11"/>
    <property name="sun.cpu.isalist" value="amd64"/>
    <property name="sun.jnu.encoding" value="Cp1250"/>
    <property name="java.class.path" value="C:\Users\kmusi\OneDrive\Desktop\Java_studia\wypozyczalnia_audiobookow_web\target\test-classes;C:\Users\kmusi\OneDrive\Desktop\Java_studia\wypozyczalnia_audiobookow_web\target\classes;C:\Users\kmusi\.m2\repository\org\apache\derbyclient\derby-client\10.14.2.0\derby-client-10.14.2.0.jar;C:\Users\kmusi\.m2\repository\jakarta\platform\jakarta.jakartaee-api\8.0.0\jakarta.jakartaee-api-8.0.0.jar;C:\Users\kmusi\.m2\repository\org\junit\jupiter\junit-jupiter-api\5.6.0\junit-jupiter-api-5.6.0.jar;C:\Users\kmusi\.m2\repository\org\apiguardian\apiguardian-api\1.1.0\apiguardian-api-1.1.0.jar;C:\Users\kmusi\.m2\repository\org\opentest4j\opentest4j\1.2.0\opentest4j-1.2.0.jar;C:\Users\kmusi\.m2\repository\org\junit\platform\junit-platform-commons\1.6.0\junit-platform-commons-1.6.0.jar;C:\Users\kmusi\.m2\repository\org\junit\jupiter\junit-jupiter-params\5.6.0\junit-jupiter-params-5.6.0.jar;C:\Users\kmusi\.m2\repository\org\junit\jupiter\junit-jupiter-engine\5.6.3\junit-jupiter-engine-5.6.3.jar;C:\Users\kmusi\.m2\repository\org\junit\platform\junit-platform-engine\1.6.3\junit-platform-engine-1.6.3.jar;"/>
    <property name="java.vm.vendor" value="Oracle Corporation"/>
    <property name="sun.arch.data.model" value="64"/>
    <property name="user.variant" value=""/>
    <property name="java.vendor.url" value="https://openjdk.java.net/"/>
    <property name="user.timezone" value="Europe/Belgrade"/>
    <property name="java.vm.specification.version" value="11"/>
    <property name="os.name" value="Windows 11"/>
    <property name="user.country" value="PL"/>
    <property name="sun.java.launcher" value="SUN_STANDARD"/>
    <property name="sun.boot.library.path" value="C:\Program Files\Java\jdk-11.0.16.1\bin"/>
    <property name="sun.java.command" value="C:\Users\kmusi\AppData\Local\Temp\surefire8740581224202971084\surefirebooter12359546834982244159.jar C:\Users\kmusi\AppData\Local\Temp\surefire8740581224202971084 2023-01-04T15-59-36_964-jvmRun1 surefire1219982446765011582tmp surefire_08033896079804702518tmp"/>
    <property name="jdk.debug" value="release"/>
    <property name="surefire.test.class.path" value="C:\Users\kmusi\OneDrive\Desktop\Java_studia\wypozyczalnia_audiobookow_web\target\test-classes;C:\Users\kmusi\OneDrive\Desktop\Java_studia\wypozyczalnia_audiobookow_web\target\classes;C:\Users\kmusi\.m2\repository\org\apache\derbyclient\derby-client\10.14.2.0\derby-client-10.14.2.0.jar;C:\Users\kmusi\.m2\repository\jakarta\platform\jakarta.jakartaee-api\8.0.0\jakarta.jakartaee-api-8.0.0.jar;C:\Users\kmusi\.m2\repository\org\junit\jupiter\junit-jupiter-api\5.6.0\junit-jupiter-api-5.6.0.jar;C:\Users\kmusi\.m2\repository\org\apiguardian\apiguardian-api\1.1.0\apiguardian-api-1.1.0.jar;C:\Users\kmusi\.m2\repository\org\opentest4j\opentest4j\1.2.0\opentest4j-1.2.0.jar;C:\Users\kmusi\.m2\repository\org\junit\platform\junit-platform-commons\1.6.0\junit-platform-commons-1.6.0.jar;C:\Users\kmusi\.m2\repository\org\junit\jupiter\junit-jupiter-params\5.6.0\junit-jupiter-params-5.6.0.jar;C:\Users\kmusi\.m2\repository\org\junit\jupiter\junit-jupiter-engine\5.6.3\junit-jupiter-engine-5.6.3.jar;C:\Users\kmusi\.m2\repository\org\junit\platform\junit-platform-engine\1.6.3\junit-platform-engine-1.6.3.jar;"/>
    <property name="sun.cpu.endian" value="little"/>
    <property name="user.home" value="C:\Users\kmusi"/>
    <property name="user.language" value="pl"/>
    <property name="java.specification.vendor" value="Oracle Corporation"/>
    <property name="java.version.date" value="2022-08-18"/>
    <property name="java.home" value="C:\Program Files\Java\jdk-11.0.16.1"/>
    <property name="file.separator" value="\"/>
    <property name="basedir" value="C:\Users\kmusi\OneDrive\Desktop\Java_studia\wypozyczalnia_audiobookow_web"/>
    <property name="java.vm.compressedOopsMode" value="Zero based"/>
    <property name="line.separator" value="&#10;"/>
    <property name="java.specification.name" value="Java Platform API Specification"/>
    <property name="java.vm.specification.vendor" value="Oracle Corporation"/>
    <property name="java.awt.graphicsenv" value="sun.awt.Win32GraphicsEnvironment"/>
    <property name="surefire.real.class.path" value="C:\Users\kmusi\AppData\Local\Temp\surefire8740581224202971084\surefirebooter12359546834982244159.jar"/>
    <property name="user.script" value=""/>
    <property name="sun.management.compiler" value="HotSpot 64-Bit Tiered Compilers"/>
    <property name="java.runtime.version" value="11.0.16.1+1-LTS-1"/>
    <property name="user.name" value="kmusi"/>
    <property name="path.separator" value=";"/>
    <property name="os.version" value="10.0"/>
    <property name="java.runtime.name" value="Java(TM) SE Runtime Environment"/>
    <property name="file.encoding" value="UTF-8"/>
    <property name="java.vm.name" value="Java HotSpot(TM) 64-Bit Server VM"/>
    <property name="java.vendor.version" value="18.9"/>
    <property name="maven.ext.class.path" value="C:\Program Files\NetBeans-15\netbeans\java\maven-nblib\netbeans-eventspy.jar"/>
    <property name="localRepository" value="C:\Users\kmusi\.m2\repository"/>
    <property name="java.vendor.url.bug" value="https://bugreport.java.com/bugreport/"/>
    <property name="java.io.tmpdir" value="C:\Users\kmusi\AppData\Local\Temp\"/>
    <property name="java.version" value="11.0.16.1"/>
    <property name="user.dir" value="C:\Users\kmusi\OneDrive\Desktop\Java_studia\wypozyczalnia_audiobookow_web"/>
    <property name="os.arch" value="amd64"/>
    <property name="java.vm.specification.name" value="Java Virtual Machine Specification"/>
    <property name="java.awt.printerjob" value="sun.awt.windows.WPrinterJob"/>
    <property name="sun.os.patch.level" value=""/>
    <property name="java.library.path" value="C:\Program Files\Java\jdk-11.0.16.1\bin;C:\WINDOWS\Sun\Java\bin;C:\WINDOWS\system32;C:\WINDOWS;C:\Program Files\Common Files\Oracle\Java\javapath;C:\Windows\System32\HWAudioDriverLibs;C:\Program Files (x86)\Common Files\Oracle\Java\javapath;C:\Windows\system32;C:\Windows;C:\Windows\System32\Wbem;C:\Windows\System32\WindowsPowerShell\v1.0\;C:\Windows\System32\OpenSSH\;C:\Program Files\Microsoft SQL Server\130\Tools\Binn\;C:\Program Files\Git\cmd;C:\Windows\system32\config\systemprofile\AppData\Local\Microsoft\WindowsApps;C:\WINDOWS\system32;C:\WINDOWS;C:\WINDOWS\System32\Wbem;C:\WINDOWS\System32\WindowsPowerShell\v1.0\;C:\WINDOWS\System32\OpenSSH\;C:\Program Files\Microsoft SQL Server\150\Tools\Binn\;C:\Program Files\Microsoft SQL Server\Client SDK\ODBC\170\Tools\Binn\;C:\Program Files\dotnet\;C:\Program Files\Microchip\xc8\v2.36\bin;C:\Program Files (x86)\Microsoft SQL Server\150\DTS\Binn\;C:\Program Files\Azure Data Studio\bin;C:\Users\kmusi\AppData\Local\Microsoft\WindowsApps;C:\Users\kmusi\AppData\Local\GitHubDesktop\bin;C:\Users\kmusi\.dotnet\tools;C:\Program Files\Azure Data Studio\bin;C:\Users\kmusi\AppData\Local\Programs\Microsoft VS Code\bin;C:\Espressif\tools\xtensa-esp-elf-gdb\11.2_20220823\xtensa-esp-elf-gdb\bin;;."/>
    <property name="java.vendor" value="Oracle Corporation"/>
    <property name="java.vm.info" value="mixed mode"/>
    <property name="java.vm.version" value="11.0.16.1+1-LTS-1"/>
    <property name="sun.io.unicode.encoding" value="UnicodeLittle"/>
    <property name="java.class.version" value="55.0"/>
  </properties>
  <testcase name="testSelectUserStatusByID(String)[1]" classname="pl.polsl.testModel.ModelTest" time="0.218">
    <system-err><![CDATA[Table/View 'AUDIOBOOKS' już istnieje w Schema 'APP'.
]]></system-err>
  </testcase>
  <testcase name="testSelectUserStatusByID(String)[2]" classname="pl.polsl.testModel.ModelTest" time="0.03">
    <system-err><![CDATA[Table/View 'AUDIOBOOKS' już istnieje w Schema 'APP'.
]]></system-err>
  </testcase>
  <testcase name="testSelectUserStatusByID(String)[3]" classname="pl.polsl.testModel.ModelTest" time="0.024">
    <system-err><![CDATA[Table/View 'AUDIOBOOKS' już istnieje w Schema 'APP'.
]]></system-err>
  </testcase>
  <testcase name="testSelectUserStatusByID(String, String)[1]" classname="pl.polsl.testModel.ModelTest" time="0.029">
    <system-err><![CDATA[Table/View 'AUDIOBOOKS' już istnieje w Schema 'APP'.
]]></system-err>
  </testcase>
  <testcase name="testSelectUserStatusByID(String, String)[2]" classname="pl.polsl.testModel.ModelTest" time="0.021">
    <system-err><![CDATA[Table/View 'AUDIOBOOKS' już istnieje w Schema 'APP'.
]]></system-err>
  </testcase>
  <testcase name="testInsertAudiobook(String, String, String, Double)[1]" classname="pl.polsl.testModel.ModelTest" time="0.022">
    <system-err><![CDATA[Table/View 'AUDIOBOOKS' już istnieje w Schema 'APP'.
]]></system-err>
  </testcase>
  <testcase name="testInsertAudiobook(String, String, String, Double, String)[1]" classname="pl.polsl.testModel.ModelTest" time="0.019">
    <system-err><![CDATA[Table/View 'AUDIOBOOKS' już istnieje w Schema 'APP'.
]]></system-err>
  </testcase>
  <testcase name="testInsertAudiobook(String, String, String, Double, String)[2]" classname="pl.polsl.testModel.ModelTest" time="0.019">
    <system-err><![CDATA[Table/View 'AUDIOBOOKS' już istnieje w Schema 'APP'.
]]></system-err>
  </testcase>
  <testcase name="testInsertAudiobook(String, String, String, Double, String)[3]" classname="pl.polsl.testModel.ModelTest" time="0.017">
    <system-err><![CDATA[Table/View 'AUDIOBOOKS' już istnieje w Schema 'APP'.
]]></system-err>
  </testcase>
  <testcase name="testInsertAudiobook(String, String, String, Double, String)[4]" classname="pl.polsl.testModel.ModelTest" time="0.019">
    <system-err><![CDATA[Table/View 'AUDIOBOOKS' już istnieje w Schema 'APP'.
]]></system-err>
  </testcase>
  <testcase name="testInsertAudiobook(String, String, String, Double, String)[5]" classname="pl.polsl.testModel.ModelTest" time="0.017">
    <system-err><![CDATA[Table/View 'AUDIOBOOKS' już istnieje w Schema 'APP'.
]]></system-err>
  </testcase>
  <testcase name="testInsertAudiobook(String, String, String, Double, String)[6]" classname="pl.polsl.testModel.ModelTest" time="0.018">
    <system-err><![CDATA[Table/View 'AUDIOBOOKS' już istnieje w Schema 'APP'.
]]></system-err>
  </testcase>
  <testcase name="testSelectLendAll(int, int, int, String, String)[1]" classname="pl.polsl.testModel.ModelTest" time="0.023">
    <system-err><![CDATA[Table/View 'AUDIOBOOKS' już istnieje w Schema 'APP'.
]]></system-err>
  </testcase>
  <testcase name="testSelectUsersAllExceptions(Connection, String)[1]" classname="pl.polsl.testModel.ModelTest" time="0.026">
    <system-err><![CDATA[Table/View 'AUDIOBOOKS' już istnieje w Schema 'APP'.
]]></system-err>
  </testcase>
  <testcase name="testSelectAudiobookByID(String)[1]" classname="pl.polsl.testModel.ModelTest" time="0.02">
    <system-err><![CDATA[Table/View 'AUDIOBOOKS' już istnieje w Schema 'APP'.
]]></system-err>
  </testcase>
  <testcase name="testSelectAudiobookByID(String)[2]" classname="pl.polsl.testModel.ModelTest" time="0.018">
    <system-err><![CDATA[Table/View 'AUDIOBOOKS' już istnieje w Schema 'APP'.
]]></system-err>
  </testcase>
  <testcase name="testSelectAudiobookByID(String)[3]" classname="pl.polsl.testModel.ModelTest" time="0.017">
    <system-err><![CDATA[Table/View 'AUDIOBOOKS' już istnieje w Schema 'APP'.
]]></system-err>
  </testcase>
  <testcase name="testSelectAudiobookByID(String)[4]" classname="pl.polsl.testModel.ModelTest" time="0.017">
    <system-err><![CDATA[Table/View 'AUDIOBOOKS' już istnieje w Schema 'APP'.
]]></system-err>
  </testcase>
  <testcase name="testSelectAudiobookByID(String, String)[1]" classname="pl.polsl.testModel.ModelTest" time="0.016">
    <system-err><![CDATA[Table/View 'AUDIOBOOKS' już istnieje w Schema 'APP'.
]]></system-err>
  </testcase>
  <testcase name="testSelectAudiobookByID(String, String)[2]" classname="pl.polsl.testModel.ModelTest" time="0.017">
    <system-err><![CDATA[Table/View 'AUDIOBOOKS' już istnieje w Schema 'APP'.
]]></system-err>
  </testcase>
  <testcase name="testSelectAudiobooksAll(int, String, String)[1]" classname="pl.polsl.testModel.ModelTest" time="0.019">
    <system-err><![CDATA[Table/View 'AUDIOBOOKS' już istnieje w Schema 'APP'.
]]></system-err>
  </testcase>
  <testcase name="testSelectUsersAll(int, String, String)[1]" classname="pl.polsl.testModel.ModelTest" time="0.017">
    <system-err><![CDATA[Table/View 'AUDIOBOOKS' już istnieje w Schema 'APP'.
]]></system-err>
  </testcase>
  <testcase name="testSelectAudiobooksByGenre(String)[1]" classname="pl.polsl.testModel.ModelTest" time="0.017">
    <system-err><![CDATA[Table/View 'AUDIOBOOKS' już istnieje w Schema 'APP'.
]]></system-err>
  </testcase>
  <testcase name="testSelectAudiobooksByGenre(String)[2]" classname="pl.polsl.testModel.ModelTest" time="0.017">
    <system-err><![CDATA[Table/View 'AUDIOBOOKS' już istnieje w Schema 'APP'.
]]></system-err>
  </testcase>
  <testcase name="testSelectAudiobooksByGenre(String)[3]" classname="pl.polsl.testModel.ModelTest" time="0.02">
    <system-err><![CDATA[Table/View 'AUDIOBOOKS' już istnieje w Schema 'APP'.
]]></system-err>
  </testcase>
  <testcase name="testSelectAudiobooksByGenre(String)[4]" classname="pl.polsl.testModel.ModelTest" time="0.025">
    <system-err><![CDATA[Table/View 'AUDIOBOOKS' już istnieje w Schema 'APP'.
]]></system-err>
  </testcase>
  <testcase name="testLendAudiobook(String, String)[1]" classname="pl.polsl.testModel.ModelTest" time="0.029">
    <system-err><![CDATA[Table/View 'AUDIOBOOKS' już istnieje w Schema 'APP'.
]]></system-err>
  </testcase>
  <testcase name="testLendAudiobook(String, String, String)[1]" classname="pl.polsl.testModel.ModelTest" time="0.017">
    <system-err><![CDATA[Table/View 'AUDIOBOOKS' już istnieje w Schema 'APP'.
]]></system-err>
  </testcase>
  <testcase name="testLendAudiobook(String, String, String)[2]" classname="pl.polsl.testModel.ModelTest" time="0.017">
    <system-err><![CDATA[Table/View 'AUDIOBOOKS' już istnieje w Schema 'APP'.
]]></system-err>
  </testcase>
  <testcase name="testSelectAudiobookByGenreInvalidGenre(String)[1]" classname="pl.polsl.testModel.ModelTest" time="0.017">
    <system-err><![CDATA[Table/View 'AUDIOBOOKS' już istnieje w Schema 'APP'.
]]></system-err>
  </testcase>
  <testcase name="testSelectAudiobookByGenreInvalidGenre(String)[2]" classname="pl.polsl.testModel.ModelTest" time="0.017">
    <system-err><![CDATA[Table/View 'AUDIOBOOKS' już istnieje w Schema 'APP'.
]]></system-err>
  </testcase>
  <testcase name="selectAudiobooksByGenreNegative(String, String)[1]" classname="pl.polsl.testModel.ModelTest" time="0.018">
    <system-err><![CDATA[Table/View 'AUDIOBOOKS' już istnieje w Schema 'APP'.
]]></system-err>
  </testcase>
  <testcase name="testSelectLendAllExceptions(Connection, String)[1]" classname="pl.polsl.testModel.ModelTest" time="0.016">
    <system-err><![CDATA[Table/View 'AUDIOBOOKS' już istnieje w Schema 'APP'.
]]></system-err>
  </testcase>
  <testcase name="testSelectAudiobooksAllExceptions(Connection, String)[1]" classname="pl.polsl.testModel.ModelTest" time="0.014">
    <system-err><![CDATA[Table/View 'AUDIOBOOKS' już istnieje w Schema 'APP'.
]]></system-err>
  </testcase>
  <testcase name="testSelectUserByLogInData(String, String)[1]" classname="pl.polsl.testModel.ModelTest" time="0.017">
    <system-err><![CDATA[Table/View 'AUDIOBOOKS' już istnieje w Schema 'APP'.
]]></system-err>
  </testcase>
  <testcase name="testSelectUserByLogInData(String, String)[2]" classname="pl.polsl.testModel.ModelTest" time="0.017">
    <system-err><![CDATA[Table/View 'AUDIOBOOKS' już istnieje w Schema 'APP'.
]]></system-err>
  </testcase>
  <testcase name="testSelectUserByLogInData(String, String, String)[1]" classname="pl.polsl.testModel.ModelTest" time="0.017">
    <system-err><![CDATA[Table/View 'AUDIOBOOKS' już istnieje w Schema 'APP'.
]]></system-err>
  </testcase>
  <testcase name="testSelectUserByLogInData(String, String, String)[2]" classname="pl.polsl.testModel.ModelTest" time="0.017">
    <system-err><![CDATA[Table/View 'AUDIOBOOKS' już istnieje w Schema 'APP'.
]]></system-err>
  </testcase>
  <testcase name="testSelectUserByLogInDataUnseccesful(String, String)[1]" classname="pl.polsl.testModel.ModelTest" time="0.017">
    <system-err><![CDATA[Table/View 'AUDIOBOOKS' już istnieje w Schema 'APP'.
]]></system-err>
  </testcase>
  <testcase name="testSelectUserByLogInDataUnseccesful(String, String)[2]" classname="pl.polsl.testModel.ModelTest" time="0.016">
    <system-err><![CDATA[Table/View 'AUDIOBOOKS' już istnieje w Schema 'APP'.
]]></system-err>
  </testcase>
</testsuite>